<?xml version="1.0" encoding="UTF-8"?>
<!-- Generated by org.testng.reporters.JUnitReportReporter -->
<testsuite skipped="0" hostname="Tharindu" name="TestNG.TestNG_BeforeMethod_AfterMethod_Priority" tests="3" failures="0" timestamp="2020-05-06T19:34:25 IST" time="113.756" errors="0">
  <testcase name="verifygoogleTitle" time="24.259" classname="TestNG.TestNG_BeforeMethod_AfterMethod_Priority"/>
  <testcase name="verifyYahooTitle" time="61.123" classname="TestNG.TestNG_BeforeMethod_AfterMethod_Priority"/>
  <testcase name="verifyBankofIndiaTitle" time="28.374" classname="TestNG.TestNG_BeforeMethod_AfterMethod_Priority"/>
</testsuite> <!-- TestNG.TestNG_BeforeMethod_AfterMethod_Priority -->
