<?xml version="1.0" encoding="UTF-8"?>
<!-- Generated by org.testng.reporters.JUnitReportReporter -->
<testsuite skipped="0" hostname="Tharindu" name="TestNG.Class3" tests="6" failures="0" timestamp="2020-05-07T15:28:28 IST" time="0.040" errors="0">
  <testcase name="login" time="0.024" classname="TestNG.Class3"/>
  <system-out/>
  <testcase name="Search" time="0.003" classname="TestNG.Class3"/>
  <system-out/>
  <testcase name="AdvancedSearch" time="0.004" classname="TestNG.Class3"/>
  <system-out/>
  <testcase name="BillPayment" time="0.003" classname="TestNG.Class3"/>
  <system-out/>
  <testcase name="PrepaidRecharge" time="0.004" classname="TestNG.Class3"/>
  <system-out/>
  <testcase name="logout" time="0.002" classname="TestNG.Class3"/>
  <system-out/>
</testsuite> <!-- TestNG.Class3 -->
