<?xml version="1.0" encoding="UTF-8"?>
<!-- Generated by org.testng.reporters.JUnitReportReporter -->
<testsuite skipped="0" hostname="Tharindu" name="TestNG.TestNG_BeforeClass_AfterClass_Priority" tests="3" failures="0" timestamp="2020-05-07T13:39:23 IST" time="32.689" errors="0">
  <testcase name="verifygoogleTitle" time="7.085" classname="TestNG.TestNG_BeforeClass_AfterClass_Priority"/>
  <system-out/>
  <testcase name="verifyYahooTitle" time="16.133" classname="TestNG.TestNG_BeforeClass_AfterClass_Priority"/>
  <system-out/>
  <testcase name="verifyBankofIndiaTitle" time="9.471" classname="TestNG.TestNG_BeforeClass_AfterClass_Priority"/>
  <system-out/>
</testsuite> <!-- TestNG.TestNG_BeforeClass_AfterClass_Priority -->
