<?xml version="1.0" encoding="UTF-8"?>
<!-- Generated by org.testng.reporters.JUnitReportReporter -->
<testsuite skipped="0" hostname="Tharindu" name="TestNG.Verifytitle" tests="1" failures="0" timestamp="2020-05-06T17:20:29 IST" time="63.336" errors="0">
  <testcase name="verifyTitle" time="63.336" classname="TestNG.Verifytitle"/>
</testsuite> <!-- TestNG.Verifytitle -->
