<?xml version="1.0" encoding="UTF-8"?>
<!-- Generated by org.testng.reporters.JUnitReportReporter -->
<testsuite skipped="0" hostname="Tharindu" name="TestNG.Class5" tests="4" failures="0" timestamp="2020-05-07T16:02:28 IST" time="0.029" errors="0">
  <testcase name="testcase7" time="0.002" classname="TestNG.Class5"/>
  <system-out/>
  <testcase name="testcase8" time="0.002" classname="TestNG.Class5"/>
  <system-out/>
  <testcase name="testcase6" time="0.002" classname="TestNG.Class5"/>
  <system-out/>
  <testcase name="testcase5" time="0.023" classname="TestNG.Class5"/>
  <system-out/>
</testsuite> <!-- TestNG.Class5 -->
