<?xml version="1.0" encoding="UTF-8"?>
<!-- Generated by org.testng.reporters.JUnitReportReporter -->
<testsuite skipped="0" hostname="Tharindu" name="TestNG.MultipleTestcases" tests="4" failures="0" timestamp="2020-05-06T17:43:18 IST" time="43.551" errors="0">
  <testcase name="launchbrowser" time="9.848" classname="TestNG.MultipleTestcases"/>
  <testcase name="verifygoogleTitle" time="4.316" classname="TestNG.MultipleTestcases"/>
  <testcase name="verifyYahooTitle" time="14.950" classname="TestNG.MultipleTestcases"/>
  <testcase name="closebrowser" time="14.437" classname="TestNG.MultipleTestcases"/>
</testsuite> <!-- TestNG.MultipleTestcases -->
