<?xml version="1.0" encoding="UTF-8"?>
<!-- Generated by org.testng.reporters.JUnitReportReporter -->
<testsuite skipped="0" hostname="Tharindu" name="TestNG.NewTest" tests="3" failures="0" timestamp="2020-05-07T14:09:35 IST" time="0.019" errors="0">
  <testcase name="addVendor" time="0.012" classname="TestNG.NewTest"/>
  <system-out/>
  <testcase name="addProduct" time="0.005" classname="TestNG.NewTest"/>
  <system-out/>
  <testcase name="addCurrency" time="0.002" classname="TestNG.NewTest"/>
  <system-out/>
</testsuite> <!-- TestNG.NewTest -->
