<?xml version="1.0" encoding="UTF-8"?>
<!-- Generated by org.testng.reporters.JUnitReportReporter -->
<testsuite skipped="0" hostname="Tharindu" name="TestNG.Tharindu1" tests="1" failures="0" timestamp="2020-05-07T13:18:53 IST" time="0.013" errors="0">
  <testcase name="f" time="0.013" classname="TestNG.Tharindu1"/>
  <system-out/>
</testsuite> <!-- TestNG.Tharindu1 -->
