<?xml version="1.0" encoding="UTF-8"?>
<!-- Generated by org.testng.reporters.JUnitReportReporter -->
<testsuite skipped="0" hostname="Tharindu" name="TestNG.Class4" tests="4" failures="0" timestamp="2020-05-07T16:12:07 IST" time="0.135" errors="0">
  <testcase name="testcase1" time="0.032" classname="TestNG.Class4"/>
  <system-out/>
  <testcase name="testcase3" time="0.033" classname="TestNG.Class4"/>
  <system-out/>
  <testcase name="testcase2" time="0.031" classname="TestNG.Class4"/>
  <system-out/>
  <testcase name="testcase4" time="0.039" classname="TestNG.Class4"/>
  <system-out/>
</testsuite> <!-- TestNG.Class4 -->
