<?xml version="1.0" encoding="UTF-8"?>
<!-- Generated by org.testng.reporters.JUnitReportReporter -->
<testsuite skipped="0" hostname="Tharindu" name="TestNG.Class6" tests="4" failures="0" timestamp="2020-05-07T16:02:28 IST" time="0.009" errors="0">
  <testcase name="testcase10" time="0.003" classname="TestNG.Class6"/>
  <system-out/>
  <testcase name="testcase11" time="0.002" classname="TestNG.Class6"/>
  <system-out/>
  <testcase name="testcase9" time="0.001" classname="TestNG.Class6"/>
  <system-out/>
  <testcase name="testcase12" time="0.003" classname="TestNG.Class6"/>
  <system-out/>
</testsuite> <!-- TestNG.Class6 -->
