<?xml version="1.0" encoding="UTF-8"?>
<!-- Generated by org.testng.reporters.JUnitReportReporter -->
<testsuite skipped="0" hostname="Tharindu" name="TestNG.TestNG_BeforeClass_AfterClass_Priority" tests="3" failures="0" timestamp="2020-05-06T20:10:52 IST" time="24.217" errors="0">
  <testcase name="verifygoogleTitle" time="2.252" classname="TestNG.TestNG_BeforeClass_AfterClass_Priority"/>
  <system-out/>
  <testcase name="verifyYahooTitle" time="16.662" classname="TestNG.TestNG_BeforeClass_AfterClass_Priority"/>
  <system-out/>
  <testcase name="verifyBankofIndiaTitle" time="5.303" classname="TestNG.TestNG_BeforeClass_AfterClass_Priority"/>
  <system-out/>
</testsuite> <!-- TestNG.TestNG_BeforeClass_AfterClass_Priority -->
