<?xml version="1.0" encoding="UTF-8"?>
<!-- Generated by org.testng.reporters.JUnitReportReporter -->
<testsuite skipped="0" hostname="Tharindu" name="TestNG.NewTest2" tests="3" failures="0" timestamp="2020-05-07T14:09:35 IST" time="0.008" errors="0">
  <testcase name="DeleteVendor" time="0.002" classname="TestNG.NewTest2"/>
  <system-out/>
  <testcase name="Deleteproduct" time="0.004" classname="TestNG.NewTest2"/>
  <system-out/>
  <testcase name="DeleteCurrecy" time="0.002" classname="TestNG.NewTest2"/>
  <system-out/>
</testsuite> <!-- TestNG.NewTest2 -->
